#
# There is insufficient memory for the Java Runtime Environment to continue.
# Native memory allocation (malloc) failed to allocate 1048576 bytes for AllocateHeap
# Possible reasons:
#   The system is out of physical RAM or swap space
#   In 32 bit mode, the process size limit was hit
# Possible solutions:
#   Reduce memory load on the system
#   Increase physical memory or swap space
#   Check if swap backing store is full
#   Use 64 bit Java on a 64 bit OS
#   Decrease Java heap size (-Xmx/-Xms)
#   Decrease number of Java threads
#   Decrease Java thread stack sizes (-Xss)
#   Set larger code cache with -XX:ReservedCodeCacheSize=
# This output file may be truncated or incomplete.
#
#  Out of Memory Error (memory/allocation.inline.hpp:61), pid=5724, tid=0x0000000000001fa0
#
# JRE version:  (8.0) (build )
# Java VM: OpenJDK 64-Bit Server VM (25.71-b00 mixed mode windows-amd64 compressed oops)
# Failed to write core dump. Minidumps are not enabled by default on client versions of Windows
#

---------------  T H R E A D  ---------------

Current thread (0x0000000002a74800):  JavaThread "Unknown thread" [_thread_in_vm, id=8096, stack(0x0000000002910000,0x0000000002a10000)]

Stack: [0x0000000002910000,0x0000000002a10000]
[error occurred during error reporting (printing stack bounds), id 0xc0000005]

Native frames: (J=compiled Java code, j=interpreted, Vv=VM code, C=native code)


---------------  P R O C E S S  ---------------

Java Threads: ( => current thread )

Other Threads:

=>0x0000000002a74800 (exited) JavaThread "Unknown thread" [_thread_in_vm, id=8096, stack(0x0000000002910000,0x0000000002a10000)]

VM state:not at safepoint (normal execution)

VM Mutex/Monitor currently owned by a thread: None

Heap:
 PSYoungGen      total 75776K, used 1300K [0x000000076b580000, 0x0000000770a00000, 0x00000007c0000000)
  eden space 65024K, 2% used [0x000000076b580000,0x000000076b6c51f8,0x000000076f500000)
  from space 10752K, 0% used [0x000000076ff80000,0x000000076ff80000,0x0000000770a00000)
  to   space 10752K, 0% used [0x000000076f500000,0x000000076f500000,0x000000076ff80000)
 ParOldGen       total 173568K, used 0K [0x00000006c2000000, 0x00000006cc980000, 0x000000076b580000)
  object space 173568K, 0% used [0x00000006c2000000,0x00000006c2000000,0x00000006cc980000)
 Metaspace       used 777K, capacity 4480K, committed 4480K, reserved 1056768K
  class space    used 74K, capacity 384K, committed 384K, reserved 1048576K

Card table byte_map: [0x0000000012010000,0x0000000012810000] byte_map_base: 0x000000000ea00000

Marking Bits: (ParMarkBitMap*) 0x0000000071c6be50
 Begin Bits: [0x0000000013160000, 0x00000000170e0000)
 End Bits:   [0x00000000170e0000, 0x000000001b060000)

Polling page: 0x0000000000d40000

CodeCache: size=245760Kb used=328Kb max_used=328Kb free=245431Kb
 bounds [0x0000000002c50000, 0x0000000002ec0000, 0x0000000011c50000]
 total_blobs=57 nmethods=0 adapters=38
 compilation: enabled

Compilation events (0 events):
No events

GC Heap History (0 events):
No events

Deoptimization events (0 events):
No events

Classes redefined (0 events):
No events

Internal exceptions (0 events):
No events

Events (10 events):
Event: 0.017 loading class java/lang/Short
Event: 0.017 loading class java/lang/Short done
Event: 0.017 loading class java/lang/Integer
Event: 0.017 loading class java/lang/Integer done
Event: 0.017 loading class java/lang/Long
Event: 0.018 loading class java/lang/Long done
Event: 0.018 loading class java/lang/NullPointerException
Event: 0.018 loading class java/lang/NullPointerException done
Event: 0.018 loading class java/lang/ArithmeticException
Event: 0.018 loading class java/lang/ArithmeticException done


Dynamic libraries:
0x00007ff6acb90000 - 0x00007ff6acbc5000 	C:\Program Files\Unity\Hub\Editor\2019.3.5f1\Editor\Data\PlaybackEngines\AndroidPlayer\OpenJDK\bin\java.exe
0x00007ff8cb3b0000 - 0x00007ff8cb5a6000 	C:\WINDOWS\SYSTEM32\ntdll.dll
0x00007ff8cb2b0000 - 0x00007ff8cb36d000 	C:\WINDOWS\System32\KERNEL32.DLL
0x00007ff8c8e90000 - 0x00007ff8c9159000 	C:\WINDOWS\System32\KERNELBASE.dll
0x00007ff8ca420000 - 0x00007ff8ca4cc000 	C:\WINDOWS\System32\ADVAPI32.dll
0x00007ff8ca350000 - 0x00007ff8ca3ee000 	C:\WINDOWS\System32\msvcrt.dll
0x00007ff8c9db0000 - 0x00007ff8c9e4c000 	C:\WINDOWS\System32\sechost.dll
0x00007ff8c94e0000 - 0x00007ff8c960b000 	C:\WINDOWS\System32\RPCRT4.dll
0x00007ff8c97f0000 - 0x00007ff8c9990000 	C:\WINDOWS\System32\USER32.dll
0x00007ff8c8d50000 - 0x00007ff8c8d72000 	C:\WINDOWS\System32\win32u.dll
0x00007ff8ca3f0000 - 0x00007ff8ca41a000 	C:\WINDOWS\System32\GDI32.dll
0x00007ff8c8af0000 - 0x00007ff8c8bf9000 	C:\WINDOWS\System32\gdi32full.dll
0x00007ff8c8cb0000 - 0x00007ff8c8d4d000 	C:\WINDOWS\System32\msvcp_win.dll
0x00007ff8c9160000 - 0x00007ff8c9260000 	C:\WINDOWS\System32\ucrtbase.dll
0x00007ff8b3270000 - 0x00007ff8b350b000 	C:\WINDOWS\WinSxS\amd64_microsoft.windows.common-controls_6595b64144ccf1df_6.0.19041.488_none_ca04af081b815d21\COMCTL32.dll
0x00007ff8c9ba0000 - 0x00007ff8c9bd0000 	C:\WINDOWS\System32\IMM32.DLL
0x0000000071cf0000 - 0x0000000071dc2000 	C:\Program Files\Unity\Hub\Editor\2019.3.5f1\Editor\Data\PlaybackEngines\AndroidPlayer\OpenJDK\jre\bin\msvcr100.dll
0x00000000714a0000 - 0x0000000071ce9000 	C:\Program Files\Unity\Hub\Editor\2019.3.5f1\Editor\Data\PlaybackEngines\AndroidPlayer\OpenJDK\jre\bin\server\jvm.dll
0x00007ff8ca340000 - 0x00007ff8ca348000 	C:\WINDOWS\System32\PSAPI.DLL
0x00007ff8b5e50000 - 0x00007ff8b5e77000 	C:\WINDOWS\SYSTEM32\WINMM.dll
0x00007ff8c0720000 - 0x00007ff8c072a000 	C:\WINDOWS\SYSTEM32\VERSION.dll
0x00007ff8b1170000 - 0x00007ff8b1179000 	C:\WINDOWS\SYSTEM32\WSOCK32.dll
0x00007ff8c9f70000 - 0x00007ff8c9fdb000 	C:\WINDOWS\System32\WS2_32.dll
0x00007ff8c4c40000 - 0x00007ff8c4c4f000 	C:\Program Files\Unity\Hub\Editor\2019.3.5f1\Editor\Data\PlaybackEngines\AndroidPlayer\OpenJDK\jre\bin\verify.dll
0x00007ff8b55f0000 - 0x00007ff8b5619000 	C:\Program Files\Unity\Hub\Editor\2019.3.5f1\Editor\Data\PlaybackEngines\AndroidPlayer\OpenJDK\jre\bin\java.dll
0x00007ff8c31e0000 - 0x00007ff8c31f6000 	C:\Program Files\Unity\Hub\Editor\2019.3.5f1\Editor\Data\PlaybackEngines\AndroidPlayer\OpenJDK\jre\bin\zip.dll

VM Arguments:
jvm_args: -Dcom.android.sdkmanager.toolsdir=C:\Program Files\Unity\Hub\Editor\2019.3.5f1\Editor\Data\PlaybackEngines\AndroidPlayer\SDK\tools\bin\\.. 
java_command: com.android.sdklib.tool.AvdManagerCli list target -c
java_class_path (initial): C:\Program Files\Unity\Hub\Editor\2019.3.5f1\Editor\Data\PlaybackEngines\AndroidPlayer\SDK\tools\bin\..\lib\dvlib-26.0.0-dev.jar;C:\Program Files\Unity\Hub\Editor\2019.3.5f1\Editor\Data\PlaybackEngines\AndroidPlayer\SDK\tools\bin\..\lib\jimfs-1.1.jar;C:\Program Files\Unity\Hub\Editor\2019.3.5f1\Editor\Data\PlaybackEngines\AndroidPlayer\SDK\tools\bin\..\lib\jsr305-1.3.9.jar;C:\Program Files\Unity\Hub\Editor\2019.3.5f1\Editor\Data\PlaybackEngines\AndroidPlayer\SDK\tools\bin\..\lib\repository-26.0.0-dev.jar;C:\Program Files\Unity\Hub\Editor\2019.3.5f1\Editor\Data\PlaybackEngines\AndroidPlayer\SDK\tools\bin\..\lib\j2objc-annotations-1.1.jar;C:\Program Files\Unity\Hub\Editor\2019.3.5f1\Editor\Data\PlaybackEngines\AndroidPlayer\SDK\tools\bin\..\lib\layoutlib-api-26.0.0-dev.jar;C:\Program Files\Unity\Hub\Editor\2019.3.5f1\Editor\Data\PlaybackEngines\AndroidPlayer\SDK\tools\bin\..\lib\gson-2.3.jar;C:\Program Files\Unity\Hub\Editor\2019.3.5f1\Editor\Data\PlaybackEngines\AndroidPlayer\SDK\tools\bin\..\lib\httpcore-4.2.5.jar;C:\Program Files\Unity\Hub\Editor\2019.3.5f1\Editor\Data\PlaybackEngines\AndroidPlayer\SDK\tools\bin\..\lib\commons-logging-1.1.1.jar;C:\Program Files\Unity\Hub\Editor\2019.3.5f1\Editor\Data\PlaybackEngines\AndroidPlayer\SDK\tools\bin\..\lib\commons-compress-1.12.jar;C:\Program Files\Unity\Hub\Editor\2019.3.5f1\Editor\Data\PlaybackEngines\AndroidPlayer\SDK\tools\bin\..\lib\annotations-26.0.0-dev.jar;C:\Program Files\Unity\Hub\Editor\2019.3.5f1\Editor\Data\PlaybackEngines\AndroidPlayer\SDK\tools\bin\..\lib\error_prone_annotations-2.0.18.jar;C:\Program Files\Unity\Hub\Editor\2019.3.5f1\Editor\Data\PlaybackEngines\AndroidPlayer\SDK\tools\bin\..\lib\animal-sniffer-annotations-1.14.jar;C:\Program Files\Unity\Hub\Editor\2019.3.5f1\Editor\Data\PlaybackEngines\AndroidPlayer\SDK\tools\bin\..\lib\httpclient-4.2.6.jar;C:\Program Files\Unity\Hub\Editor\2019.3.5f1\Editor\Data\PlaybackEngines\AndroidPlayer\SDK\tools\bin\..\lib\commons-codec-
Launcher Type: SUN_STANDARD

Environment Variables:
JAVA_HOME=C:/Program Files/Unity/Hub/Editor/2019.3.5f1/Editor/Data/PlaybackEngines/AndroidPlayer\OpenJDK
PATH=C:\Python27\;C:\Python27\Scripts;C:\ProgramData\Oracle\Java\javapath;C:\WINDOWS\system32;C:\WINDOWS;C:\WINDOWS\System32\Wbem;C:\WINDOWS\System32\WindowsPowerShell\v1.0\;C:\Program Files (x86)\GtkSharp\2.12\bin;C:\Program Files (x86)\Skype\Phone\;C:\WINDOWS\System32\OpenSSH\;C:\Program Files\Microsoft SQL Server\120\Tools\Binn\;C:\Program Files\Common Files\Autodesk Shared\;C:\Program Files\Microsoft SQL Server\Client SDK\ODBC\130\Tools\Binn\;C:\Program Files (x86)\Microsoft SQL Server\140\Tools\Binn\;C:\Program Files\Microsoft SQL Server\140\Tools\Binn\;C:\Program Files\Microsoft SQL Server\140\DTS\Binn\;C:\Program Files (x86)\Microsoft SQL Server\150\DTS\Binn\;C:\Program Files\dotnet\;C:\Program Files\Microsoft SQL Server\130\Tools\Binn\;C:\Program Files\;C:\ProgramData\chocolatey\bin;C:\Program Files\NVIDIA Corporation\NVIDIA NvDLISR;C:\Program Files (x86)\NVIDIA Corporation\PhysX\Common;C:\WINDOWS\system32;C:\WINDOWS;C:\WINDOWS\System32\Wbem;C:\WINDOWS\System32\WindowsPowerShell\v1.0\;C:\WINDOWS\System32\OpenSSH\;C:\Program Files (x86)\AOMEI\AOMEI Backupper 6.1.0;C:\Program Files\TortoiseSVN\bin;C:\Program Files\TortoiseGit\bin;C:\Program Files\Git\cmd;C:\Program Files\Git LFS;C:\Users\User\AppData\Local\ValidatorBuddy;C:\Users\User\AppData\Local\Microsoft\WindowsApps;C:\Users\User\.dotnet\tools;C:\Users\User\AppData\Local\Microsoft\WindowsApps;C:\Users\User\AppData\Roaming\npm;D:\Microsoft VS Code\bin;
USERNAME=User
OS=Windows_NT
PROCESSOR_IDENTIFIER=Intel64 Family 6 Model 158 Stepping 9, GenuineIntel



---------------  S Y S T E M  ---------------

OS: Windows 10.0 , 64 bit Build 19041 (10.0.19041.662)

CPU:total 4 (initial active 4) (4 cores per cpu, 1 threads per core) family 6 model 158 stepping 9, cmov, cx8, fxsr, mmx, sse, sse2, sse3, ssse3, sse4.1, sse4.2, popcnt, avx, avx2, aes, clmul, erms, 3dnowpref, lzcnt, tsc, tscinvbit, bmi1, bmi2, adx

Memory: 4k page, physical 16640468k(4682932k free), swap 19712468k(5848k free)

vm_info: OpenJDK 64-Bit Server VM (25.71-b00) for windows-amd64 JRE (1.8.0-adoptopenjdk-_2018_05_19_00_59-b00), built on May 19 2018 01:02:12 by "jenkins" with MS VC++ 10.0 (VS2010)

time: Sun Jan 10 20:14:04 2021
elapsed time: 0 seconds (0d 0h 0m 0s)

